<?xml version="1.0" encoding="UTF-8"?>
<!-- Generated by org.testng.reporters.JUnitReportReporter -->
<testsuite skipped="0" hostname="chethan-Latitude-3490" name="TestNGRelated.Test2" tests="1" failures="0" timestamp="2020-07-23T11:49:57 IST" time="0.001" errors="0">
  <testcase name="chethanSwaroop" time="0.001" classname="TestNGRelated.Test2"/>
  <system-out/>
</testsuite> <!-- TestNGRelated.Test2 -->
