<?xml version="1.0" encoding="UTF-8"?>
<!-- Generated by org.testng.reporters.JUnitReportReporter -->
<testsuite skipped="0" hostname="chethan-Latitude-3490" name="TestNGRelated.Test1" tests="2" failures="0" timestamp="2020-07-23T11:49:57 IST" time="0.008" errors="0">
  <testcase name="testing2" time="0.007" classname="TestNGRelated.Test1"/>
  <system-out/>
  <testcase name="placeMethod" time="0.001" classname="TestNGRelated.Test1"/>
  <system-out/>
</testsuite> <!-- TestNGRelated.Test1 -->
