<?xml version="1.0" encoding="UTF-8"?>
<!-- Generated by org.testng.reporters.JUnitReportReporter -->
<testsuite skipped="0" hostname="chethan-Latitude-3490" name="com.test.pom.SelectDropdownOption" tests="3" failures="0" timestamp="2020-09-18T23:08:02 IST" time="0.156" errors="0">
  <testcase name="selecDown" time="0.012" classname="com.test.pom.SelectDropdownOption"/>
  <system-out>
*****Test Case selecDown passed*****  </system-out>
  <testcase name="selectDropDown" time="0.141" classname="com.test.pom.SelectDropdownOption"/>
  <system-out/>
  <testcase name="selecUp" time="0.003" classname="com.test.pom.SelectDropdownOption"/>
  <system-out>
*****Test Case selecUp passed*****  </system-out>
</testsuite> <!-- com.test.pom.SelectDropdownOption -->
