<?xml version="1.0" encoding="UTF-8"?>
<!-- Generated by org.testng.reporters.JUnitReportReporter -->
<testsuite skipped="0" hostname="chethan-Latitude-3490" name="TestNGRelated.Test1" tests="1" failures="0" timestamp="2020-09-19T22:45:28 IST" time="0.007" errors="0">
  <testcase name="test_2" time="0.007" classname="TestNGRelated.Test1"/>
  <system-out/>
</testsuite> <!-- TestNGRelated.Test1 -->
